Using pre-set license
Built from '2021.3/staging' branch; Version is '2021.3.9f1 (ad3870b89536) revision 11352176'; Using compiler version '192829333'; Build Type 'Release'
OS: 'Windows 10  (10.0.19044) 64bit Professional' Language: 'ru' Physical Memory: 7561 MB
BatchMode: 1, IsHumanControllingUs: 0, StartBugReporterOnCrash: 0, Is64bit: 1, IsPro: 1

COMMAND LINE ARGUMENTS:
D:\games\Unity\Unity Files (Dont Touch)\2021.3.9f1\Editor\Unity.exe
-adb2
-batchMode
-noUpm
-name
AssetImportWorker0
-projectPath
D:/games/Unity/My Game/Asteroids
-logFile
Logs/AssetImportWorker0.log
-srvPort
49675
Successfully changed project path to: D:/games/Unity/My Game/Asteroids
D:/games/Unity/My Game/Asteroids
[UnityMemory] Configuration Parameters - Can be set up in boot.config
    "memorysetup-bucket-allocator-granularity=16"
    "memorysetup-bucket-allocator-bucket-count=8"
    "memorysetup-bucket-allocator-block-size=33554432"
    "memorysetup-bucket-allocator-block-count=8"
    "memorysetup-main-allocator-block-size=16777216"
    "memorysetup-thread-allocator-block-size=16777216"
    "memorysetup-gfx-main-allocator-block-size=16777216"
    "memorysetup-gfx-thread-allocator-block-size=16777216"
    "memorysetup-cache-allocator-block-size=4194304"
    "memorysetup-typetree-allocator-block-size=2097152"
    "memorysetup-profiler-bucket-allocator-granularity=16"
    "memorysetup-profiler-bucket-allocator-bucket-count=8"
    "memorysetup-profiler-bucket-allocator-block-size=33554432"
    "memorysetup-profiler-bucket-allocator-block-count=8"
    "memorysetup-profiler-allocator-block-size=16777216"
    "memorysetup-profiler-editor-allocator-block-size=1048576"
    "memorysetup-temp-allocator-size-main=16777216"
    "memorysetup-job-temp-allocator-block-size=2097152"
    "memorysetup-job-temp-allocator-block-size-background=1048576"
    "memorysetup-job-temp-allocator-reduction-small-platforms=262144"
    "memorysetup-temp-allocator-size-background-worker=32768"
    "memorysetup-temp-allocator-size-job-worker=262144"
    "memorysetup-temp-allocator-size-preload-manager=33554432"
    "memorysetup-temp-allocator-size-nav-mesh-worker=65536"
    "memorysetup-temp-allocator-size-audio-worker=65536"
    "memorysetup-temp-allocator-size-cloud-worker=32768"
    "memorysetup-temp-allocator-size-gi-baking-worker=262144"
    "memorysetup-temp-allocator-size-gfx=262144"
Refreshing native plugins compatible for Editor in 176.54 ms, found 4 plugins.
Preloading 0 native plugins for Editor in 0.00 ms.
Initialize engine version: 2021.3.9f1 (ad3870b89536)
[Subsystems] Discovering subsystems at path D:/games/Unity/Unity Files (Dont Touch)/2021.3.9f1/Editor/Data/Resources/UnitySubsystems
[Subsystems] Discovering subsystems at path D:/games/Unity/My Game/Asteroids/Assets
GfxDevice: creating device client; threaded=0; jobified=0
Direct3D:
    Version:  Direct3D 11.0 [level 11.1]
    Renderer: AMD Radeon (TM) Graphics (ID=0x15e7)
    Vendor:   ATI
    VRAM:     3780 MB
    Driver:   31.0.12018.5
Initialize mono
Mono path[0] = 'D:/games/Unity/Unity Files (Dont Touch)/2021.3.9f1/Editor/Data/Managed'
Mono path[1] = 'D:/games/Unity/Unity Files (Dont Touch)/2021.3.9f1/Editor/Data/MonoBleedingEdge/lib/mono/unityjit-win32'
Mono config path = 'D:/games/Unity/Unity Files (Dont Touch)/2021.3.9f1/Editor/Data/MonoBleedingEdge/etc'
Using monoOptions --debugger-agent=transport=dt_socket,embedding=1,server=y,suspend=n,address=127.0.0.1:56592
Begin MonoManager ReloadAssembly
Registering precompiled unity dll's ...
Register platform support module: D:/games/Unity/Unity Files (Dont Touch)/2021.3.9f1/Editor/Data/PlaybackEngines/WebGLSupport/UnityEditor.WebGL.Extensions.dll
Register platform support module: D:/games/Unity/Unity Files (Dont Touch)/2021.3.9f1/Editor/Data/PlaybackEngines/AndroidPlayer/UnityEditor.Android.Extensions.dll
Register platform support module: D:/games/Unity/Unity Files (Dont Touch)/2021.3.9f1/Editor/Data/PlaybackEngines/WindowsStandaloneSupport/UnityEditor.WindowsStandalone.Extensions.dll
Registered in 0.009299 seconds.
Native extension for WindowsStandalone target not found
Native extension for Android target not found
Native extension for WebGL target not found
Refreshing native plugins compatible for Editor in 169.28 ms, found 4 plugins.
Preloading 0 native plugins for Editor in 0.00 ms.
Mono: successfully reloaded assembly
- Completed reload, in  1.080 seconds
Domain Reload Profiling:
	ReloadAssembly (1081ms)
		BeginReloadAssembly (110ms)
			ExecutionOrderSort (0ms)
			DisableScriptedObjects (0ms)
			BackupInstance (0ms)
			ReleaseScriptingObjects (0ms)
			CreateAndSetChildDomain (1ms)
		EndReloadAssembly (778ms)
			LoadAssemblies (109ms)
			RebuildTransferFunctionScriptingTraits (0ms)
			SetupTypeCache (164ms)
			ReleaseScriptCaches (0ms)
			RebuildScriptCaches (37ms)
			SetupLoadedEditorAssemblies (506ms)
				LogAssemblyErrors (0ms)
				InitializePlatformSupportModulesInManaged (69ms)
				SetLoadedEditorAssemblies (0ms)
				RefreshPlugins (169ms)
				BeforeProcessingInitializeOnLoad (2ms)
				ProcessInitializeOnLoadAttributes (187ms)
				ProcessInitializeOnLoadMethodAttributes (78ms)
				AfterProcessingInitializeOnLoad (0ms)
				EditorAssembliesLoaded (0ms)
			ExecutionOrderSort2 (0ms)
			AwakeInstancesAfterBackupRestoration (0ms)
Platform modules already initialized, skipping
Registering precompiled user dll's ...
Registered in 0.009213 seconds.
Begin MonoManager ReloadAssembly
Symbol file LoadedFromMemory doesn't match image D:\games\Unity\My Game\Asteroids\Library\PackageCache\com.unity.visualscripting@1.7.8\Editor\VisualScripting.Core\Dependencies\YamlDotNet\Unity.VisualScripting.YamlDotNet.dll
Symbol file LoadedFromMemory doesn't match image D:\games\Unity\My Game\Asteroids\Library\PackageCache\com.unity.visualscripting@1.7.8\Editor\VisualScripting.Core\Dependencies\DotNetZip\Unity.VisualScripting.IonicZip.dll
Native extension for WindowsStandalone target not found
Native extension for Android target not found
Native extension for WebGL target not found
Refreshing native plugins compatible for Editor in 135.86 ms, found 4 plugins.
Preloading 0 native plugins for Editor in 0.00 ms.
Mono: successfully reloaded assembly
- Completed reload, in  1.884 seconds
Domain Reload Profiling:
	ReloadAssembly (1885ms)
		BeginReloadAssembly (158ms)
			ExecutionOrderSort (0ms)
			DisableScriptedObjects (8ms)
			BackupInstance (0ms)
			ReleaseScriptingObjects (0ms)
			CreateAndSetChildDomain (28ms)
		EndReloadAssembly (1489ms)
			LoadAssemblies (119ms)
			RebuildTransferFunctionScriptingTraits (0ms)
			SetupTypeCache (399ms)
			ReleaseScriptCaches (1ms)
			RebuildScriptCaches (81ms)
			SetupLoadedEditorAssemblies (834ms)
				LogAssemblyErrors (0ms)
				InitializePlatformSupportModulesInManaged (18ms)
				SetLoadedEditorAssemblies (0ms)
				RefreshPlugins (136ms)
				BeforeProcessingInitializeOnLoad (158ms)
				ProcessInitializeOnLoadAttributes (459ms)
				ProcessInitializeOnLoadMethodAttributes (58ms)
				AfterProcessingInitializeOnLoad (4ms)
				EditorAssembliesLoaded (0ms)
			ExecutionOrderSort2 (0ms)
			AwakeInstancesAfterBackupRestoration (8ms)
Platform modules already initialized, skipping
========================================================================
Worker process is ready to serve import requests
Launched and connected shader compiler UnityShaderCompiler.exe after 0.05 seconds
Refreshing native plugins compatible for Editor in 1.39 ms, found 4 plugins.
Preloading 0 native plugins for Editor in 0.00 ms.
Unloading 4580 Unused Serialized files (Serialized files now loaded: 0)
Unloading 47 unused Assets / (223.4 KB). Loaded Objects now: 5035.
Memory consumption went from 170.5 MB to 170.3 MB.
Total: 4.689600 ms (FindLiveObjects: 0.397200 ms CreateObjectMapping: 0.176600 ms MarkObjects: 3.847100 ms  DeleteObjects: 0.267600 ms)

AssetImportParameters requested are different than current active one (requested -> active):
  custom:video-decoder-ogg-theora: a1e56fd34408186e4bbccfd4996cb3dc -> 
  custom:container-muxer-webm: aa71ff27fc2769a1b78a27578f13a17b -> 
  custom:container-demuxer-webm: 4f35f7cbe854078d1ac9338744f61a02 -> 
  custom:video-encoder-webm-vp8: eb34c28f22e8b96e1ab97ce403110664 -> 
  custom:audio-encoder-webm-vorbis: bf7c407c2cedff20999df2af8eb42d56 -> 
  custom:framework-win-MediaFoundation: 216162199b28c13a410421893ffa2e32 -> 
  custom:container-demuxer-ogg: 62fdf1f143b41e24485cea50d1cbac27 -> 
  custom:video-decoder-webm-vp8: 9c59270c3fd7afecdb556c50c9e8de78 -> 
  custom:audio-decoder-ogg-vorbis: bf7c407c2cedff20999df2af8eb42d56 -> 
========================================================================
Received Import Request.
  Time since last request: 663.057657 seconds.
  path: Assets/PlayerSaveProgress.json
  artifactKey: Guid(74710dfe07ace2a4482c912f62877b2a) Importer(815301076,1909f56bfc062723c751e8b465ee728b)
Start importing Assets/PlayerSaveProgress.json using Guid(74710dfe07ace2a4482c912f62877b2a) Importer(815301076,1909f56bfc062723c751e8b465ee728b)  -> (artifact id: '71e86d47819e4f35537a6530d7c7b25c') in 0.042529 seconds 
========================================================================
Received Import Request.
  Time since last request: 11.302333 seconds.
  path: Assets/PlayerSaveProgress.json
  artifactKey: Guid(74710dfe07ace2a4482c912f62877b2a) Importer(815301076,1909f56bfc062723c751e8b465ee728b)
Start importing Assets/PlayerSaveProgress.json using Guid(74710dfe07ace2a4482c912f62877b2a) Importer(815301076,1909f56bfc062723c751e8b465ee728b)  -> (artifact id: '2554cff70ac247dc667bfbcc0dca564d') in 0.002477 seconds 
========================================================================
Received Import Request.
  Time since last request: 146.427660 seconds.
  path: Assets/Configurations/Asteroids/AsteroidData.asset
  artifactKey: Guid(3571648e81ff6904fac2ce2786cd84ab) Importer(815301076,1909f56bfc062723c751e8b465ee728b)
Start importing Assets/Configurations/Asteroids/AsteroidData.asset using Guid(3571648e81ff6904fac2ce2786cd84ab) Importer(815301076,1909f56bfc062723c751e8b465ee728b)  -> (artifact id: '7be52a69f26119087e5924857e769201') in 0.007931 seconds 
========================================================================
Received Import Request.
  Time since last request: 0.301400 seconds.
  path: Assets/Scripts/Infrastructure/IData.cs
  artifactKey: Guid(cda4c4e570444ae181b8c2005bfc161a) Importer(815301076,1909f56bfc062723c751e8b465ee728b)
Start importing Assets/Scripts/Infrastructure/IData.cs using Guid(cda4c4e570444ae181b8c2005bfc161a) Importer(815301076,1909f56bfc062723c751e8b465ee728b)  -> (artifact id: '40ad495efdf627c101ca2915ded7c2dc') in 0.007095 seconds 
========================================================================
Received Import Request.
  Time since last request: 0.102900 seconds.
  path: Assets/Configurations/Player/PlayerData.asset
  artifactKey: Guid(5fd0d7392a43a67479a9218afa31bf01) Importer(815301076,1909f56bfc062723c751e8b465ee728b)
Start importing Assets/Configurations/Player/PlayerData.asset using Guid(5fd0d7392a43a67479a9218afa31bf01) Importer(815301076,1909f56bfc062723c751e8b465ee728b)  -> (artifact id: 'a4ee1c2793b9b0b1693b040e87d67dcc') in 0.012106 seconds 
========================================================================
Received Import Request.
  Time since last request: 0.061202 seconds.
  path: Assets/Configurations/Projectile/PlayerProjectileData.asset
  artifactKey: Guid(a5acd9e32051b2c44abebee51aab1ff0) Importer(815301076,1909f56bfc062723c751e8b465ee728b)
Start importing Assets/Configurations/Projectile/PlayerProjectileData.asset using Guid(a5acd9e32051b2c44abebee51aab1ff0) Importer(815301076,1909f56bfc062723c751e8b465ee728b)  -> (artifact id: 'ef1d074b8cb6c9c1e6daecb8b767c108') in 0.004314 seconds 
========================================================================
Received Import Request.
  Time since last request: 223.319213 seconds.
  path: Assets/Configurations/Projectile/PlayerProjectileData.asset
  artifactKey: Guid(a5acd9e32051b2c44abebee51aab1ff0) Importer(815301076,1909f56bfc062723c751e8b465ee728b)
Start importing Assets/Configurations/Projectile/PlayerProjectileData.asset using Guid(a5acd9e32051b2c44abebee51aab1ff0) Importer(815301076,1909f56bfc062723c751e8b465ee728b)  -> (artifact id: '2a485271cecd039fc8ef1d8ccc94a1d9') in 0.004673 seconds 
